<?xml version="1.0" encoding="UTF-8"?>
<coverage generated="1654454435834" clover="3.2.0">
  <project timestamp="1654454435834" name="All files">
    <metrics statements="30" coveredstatements="29" conditionals="10" coveredconditionals="9" methods="5" coveredmethods="5" elements="45" coveredelements="43" complexity="0" loc="30" ncloc="30" packages="1" files="3" classes="3"/>
    <file name="index.js" path="/home/makszaychikov/hexlet-git/frontend-project-lvl2/src/index.js">
      <metrics statements="20" coveredstatements="20" conditionals="6" coveredconditionals="6" methods="2" coveredmethods="2"/>
      <line num="6" count="1" type="stmt"/>
      <line num="7" count="2" type="stmt"/>
      <line num="8" count="2" type="stmt"/>
      <line num="9" count="2" type="stmt"/>
      <line num="10" count="2" type="stmt"/>
      <line num="11" count="2" type="stmt"/>
      <line num="12" count="2" type="stmt"/>
      <line num="13" count="2" type="stmt"/>
      <line num="15" count="2" type="stmt"/>
      <line num="16" count="2" type="stmt"/>
      <line num="17" count="10" type="cond" truecount="2" falsecount="0"/>
      <line num="18" count="2" type="stmt"/>
      <line num="19" count="8" type="cond" truecount="2" falsecount="0"/>
      <line num="20" count="4" type="stmt"/>
      <line num="21" count="4" type="cond" truecount="2" falsecount="0"/>
      <line num="22" count="2" type="stmt"/>
      <line num="23" count="2" type="stmt"/>
      <line num="25" count="2" type="stmt"/>
      <line num="28" count="10" type="stmt"/>
      <line num="31" count="2" type="stmt"/>
    </file>
    <file name="parsers.js" path="/home/makszaychikov/hexlet-git/frontend-project-lvl2/src/parsers.js">
      <metrics statements="6" coveredstatements="5" conditionals="4" coveredconditionals="3" methods="1" coveredmethods="1"/>
      <line num="3" count="1" type="stmt"/>
      <line num="4" count="4" type="cond" truecount="3" falsecount="1"/>
      <line num="6" count="2" type="stmt"/>
      <line num="8" count="1" type="stmt"/>
      <line num="10" count="1" type="stmt"/>
      <line num="12" count="0" type="stmt"/>
    </file>
    <file name="readFile.js" path="/home/makszaychikov/hexlet-git/frontend-project-lvl2/src/readFile.js">
      <metrics statements="4" coveredstatements="4" conditionals="0" coveredconditionals="0" methods="2" coveredmethods="2"/>
      <line num="5" count="1" type="stmt"/>
      <line num="6" count="1" type="stmt"/>
      <line num="8" count="4" type="stmt"/>
      <line num="9" count="4" type="stmt"/>
    </file>
  </project>
</coverage>
