{"/home/makszaychikov/hexlet-git/frontend-project-lvl2/src/index.js": {"path":"/home/makszaychikov/hexlet-git/frontend-project-lvl2/src/index.js","statementMap":{"0":{"start":{"line":7,"column":16},"end":{"line":16,"column":1}},"1":{"start":{"line":8,"column":20},"end":{"line":8,"column":39}},"2":{"start":{"line":9,"column":20},"end":{"line":9,"column":39}},"3":{"start":{"line":10,"column":16},"end":{"line":10,"column":52}},"4":{"start":{"line":11,"column":16},"end":{"line":11,"column":52}},"5":{"start":{"line":13,"column":15},"end":{"line":13,"column":37}},"6":{"start":{"line":15,"column":2},"end":{"line":15,"column":32}}},"fnMap":{"0":{"name":"(anonymous_0)","decl":{"start":{"line":7,"column":16},"end":{"line":7,"column":17}},"loc":{"start":{"line":7,"column":62},"end":{"line":16,"column":1}},"line":7}},"branchMap":{"0":{"loc":{"start":{"line":7,"column":39},"end":{"line":7,"column":57}},"type":"default-arg","locations":[{"start":{"line":7,"column":48},"end":{"line":7,"column":57}}],"line":7}},"s":{"0":1,"1":4,"2":4,"3":4,"4":4,"5":4,"6":4},"f":{"0":4},"b":{"0":[2]},"_coverageSchema":"1a1c01bbd47fc00a2c39e90264f33305004495a9","hash":"0795db0e67d0f240154cf3cd63f589a92172c719"}
,"/home/makszaychikov/hexlet-git/frontend-project-lvl2/src/makeTree.js": {"path":"/home/makszaychikov/hexlet-git/frontend-project-lvl2/src/makeTree.js","statementMap":{"0":{"start":{"line":3,"column":17},"end":{"line":50,"column":1}},"1":{"start":{"line":4,"column":16},"end":{"line":4,"column":34}},"2":{"start":{"line":5,"column":16},"end":{"line":5,"column":34}},"3":{"start":{"line":6,"column":21},"end":{"line":6,"column":52}},"4":{"start":{"line":8,"column":17},"end":{"line":47,"column":4}},"5":{"start":{"line":9,"column":19},"end":{"line":9,"column":29}},"6":{"start":{"line":10,"column":19},"end":{"line":10,"column":29}},"7":{"start":{"line":12,"column":4},"end":{"line":18,"column":5}},"8":{"start":{"line":13,"column":6},"end":{"line":17,"column":8}},"9":{"start":{"line":19,"column":4},"end":{"line":25,"column":5}},"10":{"start":{"line":20,"column":6},"end":{"line":24,"column":8}},"11":{"start":{"line":26,"column":4},"end":{"line":32,"column":5}},"12":{"start":{"line":27,"column":6},"end":{"line":31,"column":8}},"13":{"start":{"line":33,"column":4},"end":{"line":40,"column":5}},"14":{"start":{"line":34,"column":6},"end":{"line":39,"column":8}},"15":{"start":{"line":42,"column":4},"end":{"line":46,"column":6}},"16":{"start":{"line":49,"column":2},"end":{"line":49,"column":16}}},"fnMap":{"0":{"name":"(anonymous_0)","decl":{"start":{"line":3,"column":17},"end":{"line":3,"column":18}},"loc":{"start":{"line":3,"column":35},"end":{"line":50,"column":1}},"line":3},"1":{"name":"(anonymous_1)","decl":{"start":{"line":8,"column":32},"end":{"line":8,"column":33}},"loc":{"start":{"line":8,"column":41},"end":{"line":47,"column":3}},"line":8}},"branchMap":{"0":{"loc":{"start":{"line":12,"column":4},"end":{"line":18,"column":5}},"type":"if","locations":[{"start":{"line":12,"column":4},"end":{"line":18,"column":5}},{"start":{},"end":{}}],"line":12},"1":{"loc":{"start":{"line":12,"column":8},"end":{"line":12,"column":68}},"type":"binary-expr","locations":[{"start":{"line":12,"column":8},"end":{"line":12,"column":36}},{"start":{"line":12,"column":40},"end":{"line":12,"column":68}}],"line":12},"2":{"loc":{"start":{"line":19,"column":4},"end":{"line":25,"column":5}},"type":"if","locations":[{"start":{"line":19,"column":4},"end":{"line":25,"column":5}},{"start":{},"end":{}}],"line":19},"3":{"loc":{"start":{"line":26,"column":4},"end":{"line":32,"column":5}},"type":"if","locations":[{"start":{"line":26,"column":4},"end":{"line":32,"column":5}},{"start":{},"end":{}}],"line":26},"4":{"loc":{"start":{"line":33,"column":4},"end":{"line":40,"column":5}},"type":"if","locations":[{"start":{"line":33,"column":4},"end":{"line":40,"column":5}},{"start":{},"end":{}}],"line":33}},"s":{"0":1,"1":20,"2":20,"3":20,"4":20,"5":72,"6":72,"7":72,"8":16,"9":56,"10":8,"11":48,"12":20,"13":28,"14":16,"15":12,"16":20},"f":{"0":20,"1":72},"b":{"0":[16,56],"1":[72,24],"2":[8,48],"3":[20,28],"4":[16,12]},"_coverageSchema":"1a1c01bbd47fc00a2c39e90264f33305004495a9","hash":"1762b2d4eb1ad1fb7ad4b14e21465d8375fdc384"}
,"/home/makszaychikov/hexlet-git/frontend-project-lvl2/src/parsers.js": {"path":"/home/makszaychikov/hexlet-git/frontend-project-lvl2/src/parsers.js","statementMap":{"0":{"start":{"line":3,"column":14},"end":{"line":14,"column":1}},"1":{"start":{"line":4,"column":2},"end":{"line":13,"column":3}},"2":{"start":{"line":6,"column":6},"end":{"line":6,"column":34}},"3":{"start":{"line":8,"column":6},"end":{"line":8,"column":28}},"4":{"start":{"line":10,"column":6},"end":{"line":10,"column":28}},"5":{"start":{"line":12,"column":6},"end":{"line":12,"column":47}}},"fnMap":{"0":{"name":"(anonymous_0)","decl":{"start":{"line":3,"column":14},"end":{"line":3,"column":15}},"loc":{"start":{"line":3,"column":36},"end":{"line":14,"column":1}},"line":3}},"branchMap":{"0":{"loc":{"start":{"line":4,"column":2},"end":{"line":13,"column":3}},"type":"switch","locations":[{"start":{"line":5,"column":4},"end":{"line":6,"column":34}},{"start":{"line":7,"column":4},"end":{"line":8,"column":28}},{"start":{"line":9,"column":4},"end":{"line":10,"column":28}},{"start":{"line":11,"column":4},"end":{"line":12,"column":47}}],"line":4}},"s":{"0":1,"1":8,"2":4,"3":2,"4":2,"5":0},"f":{"0":8},"b":{"0":[4,2,2,0]},"_coverageSchema":"1a1c01bbd47fc00a2c39e90264f33305004495a9","hash":"a1574a73d3fc99ffb93b27eb10fe67a908a16c0b"}
,"/home/makszaychikov/hexlet-git/frontend-project-lvl2/src/readFile.js": {"path":"/home/makszaychikov/hexlet-git/frontend-project-lvl2/src/readFile.js","statementMap":{"0":{"start":{"line":5,"column":19},"end":{"line":5,"column":49}},"1":{"start":{"line":6,"column":18},"end":{"line":6,"column":37}},"2":{"start":{"line":8,"column":23},"end":{"line":8,"column":87}},"3":{"start":{"line":8,"column":37},"end":{"line":8,"column":87}},"4":{"start":{"line":9,"column":17},"end":{"line":9,"column":78}},"5":{"start":{"line":9,"column":31},"end":{"line":9,"column":78}}},"fnMap":{"0":{"name":"(anonymous_0)","decl":{"start":{"line":8,"column":23},"end":{"line":8,"column":24}},"loc":{"start":{"line":8,"column":37},"end":{"line":8,"column":87}},"line":8},"1":{"name":"(anonymous_1)","decl":{"start":{"line":9,"column":17},"end":{"line":9,"column":18}},"loc":{"start":{"line":9,"column":31},"end":{"line":9,"column":78}},"line":9}},"branchMap":{},"s":{"0":1,"1":1,"2":1,"3":10,"4":1,"5":10},"f":{"0":10,"1":10},"b":{},"_coverageSchema":"1a1c01bbd47fc00a2c39e90264f33305004495a9","hash":"44f78216d6e1c49787d3bd384a288a7997772d02"}
,"/home/makszaychikov/hexlet-git/frontend-project-lvl2/src/formatters/index.js": {"path":"/home/makszaychikov/hexlet-git/frontend-project-lvl2/src/formatters/index.js","statementMap":{"0":{"start":{"line":4,"column":17},"end":{"line":15,"column":1}},"1":{"start":{"line":5,"column":2},"end":{"line":14,"column":3}},"2":{"start":{"line":7,"column":6},"end":{"line":7,"column":27}},"3":{"start":{"line":10,"column":6},"end":{"line":10,"column":25}},"4":{"start":{"line":13,"column":6},"end":{"line":13,"column":53}}},"fnMap":{"0":{"name":"(anonymous_0)","decl":{"start":{"line":4,"column":17},"end":{"line":4,"column":18}},"loc":{"start":{"line":4,"column":35},"end":{"line":15,"column":1}},"line":4}},"branchMap":{"0":{"loc":{"start":{"line":5,"column":2},"end":{"line":14,"column":3}},"type":"switch","locations":[{"start":{"line":6,"column":4},"end":{"line":8,"column":5}},{"start":{"line":9,"column":4},"end":{"line":11,"column":5}},{"start":{"line":12,"column":4},"end":{"line":13,"column":53}}],"line":5}},"s":{"0":1,"1":4,"2":2,"3":2,"4":0},"f":{"0":4},"b":{"0":[2,2,0]},"_coverageSchema":"1a1c01bbd47fc00a2c39e90264f33305004495a9","hash":"20f0e50e40ac33f98b3933bae137270023abbe45"}
,"/home/makszaychikov/hexlet-git/frontend-project-lvl2/src/formatters/plain.js": {"path":"/home/makszaychikov/hexlet-git/frontend-project-lvl2/src/formatters/plain.js","statementMap":{"0":{"start":{"line":1,"column":18},"end":{"line":7,"column":1}},"1":{"start":{"line":2,"column":2},"end":{"line":4,"column":3}},"2":{"start":{"line":3,"column":4},"end":{"line":3,"column":29}},"3":{"start":{"line":6,"column":2},"end":{"line":6,"column":60}},"4":{"start":{"line":9,"column":18},"end":{"line":42,"column":1}},"5":{"start":{"line":10,"column":15},"end":{"line":39,"column":3}},"6":{"start":{"line":18,"column":8},"end":{"line":18,"column":12}},"7":{"start":{"line":20,"column":4},"end":{"line":38,"column":5}},"8":{"start":{"line":22,"column":8},"end":{"line":22,"column":78}},"9":{"start":{"line":22,"column":39},"end":{"line":22,"column":67}},"10":{"start":{"line":25,"column":8},"end":{"line":25,"column":55}},"11":{"start":{"line":28,"column":8},"end":{"line":28,"column":85}},"12":{"start":{"line":31,"column":8},"end":{"line":31,"column":116}},"13":{"start":{"line":34,"column":8},"end":{"line":34,"column":18}},"14":{"start":{"line":37,"column":8},"end":{"line":37,"column":20}},"15":{"start":{"line":41,"column":2},"end":{"line":41,"column":21}},"16":{"start":{"line":44,"column":14},"end":{"line":48,"column":1}},"17":{"start":{"line":45,"column":17},"end":{"line":45,"column":52}},"18":{"start":{"line":45,"column":36},"end":{"line":45,"column":51}},"19":{"start":{"line":47,"column":2},"end":{"line":47,"column":75}}},"fnMap":{"0":{"name":"(anonymous_0)","decl":{"start":{"line":1,"column":18},"end":{"line":1,"column":19}},"loc":{"start":{"line":1,"column":29},"end":{"line":7,"column":1}},"line":1},"1":{"name":"(anonymous_1)","decl":{"start":{"line":9,"column":18},"end":{"line":9,"column":19}},"loc":{"start":{"line":9,"column":29},"end":{"line":42,"column":1}},"line":9},"2":{"name":"(anonymous_2)","decl":{"start":{"line":10,"column":15},"end":{"line":10,"column":16}},"loc":{"start":{"line":10,"column":35},"end":{"line":39,"column":3}},"line":10},"3":{"name":"(anonymous_3)","decl":{"start":{"line":22,"column":28},"end":{"line":22,"column":29}},"loc":{"start":{"line":22,"column":39},"end":{"line":22,"column":67}},"line":22},"4":{"name":"(anonymous_4)","decl":{"start":{"line":44,"column":14},"end":{"line":44,"column":15}},"loc":{"start":{"line":44,"column":24},"end":{"line":48,"column":1}},"line":44},"5":{"name":"(anonymous_5)","decl":{"start":{"line":45,"column":26},"end":{"line":45,"column":27}},"loc":{"start":{"line":45,"column":36},"end":{"line":45,"column":51}},"line":45}},"branchMap":{"0":{"loc":{"start":{"line":2,"column":2},"end":{"line":4,"column":3}},"type":"if","locations":[{"start":{"line":2,"column":2},"end":{"line":4,"column":3}},{"start":{},"end":{}}],"line":2},"1":{"loc":{"start":{"line":6,"column":9},"end":{"line":6,"column":59}},"type":"cond-expr","locations":[{"start":{"line":6,"column":39},"end":{"line":6,"column":51}},{"start":{"line":6,"column":54},"end":{"line":6,"column":59}}],"line":6},"2":{"loc":{"start":{"line":10,"column":22},"end":{"line":10,"column":30}},"type":"default-arg","locations":[{"start":{"line":10,"column":28},"end":{"line":10,"column":30}}],"line":10},"3":{"loc":{"start":{"line":20,"column":4},"end":{"line":38,"column":5}},"type":"switch","locations":[{"start":{"line":21,"column":6},"end":{"line":23,"column":7}},{"start":{"line":24,"column":6},"end":{"line":26,"column":7}},{"start":{"line":27,"column":6},"end":{"line":29,"column":7}},{"start":{"line":30,"column":6},"end":{"line":32,"column":7}},{"start":{"line":33,"column":6},"end":{"line":35,"column":7}},{"start":{"line":36,"column":6},"end":{"line":37,"column":20}}],"line":20}},"s":{"0":1,"1":26,"2":6,"3":20,"4":1,"5":8,"6":36,"7":36,"8":8,"9":28,"10":4,"11":10,"12":8,"13":6,"14":0,"15":8,"16":1,"17":2,"18":8,"19":2},"f":{"0":26,"1":8,"2":36,"3":28,"4":2,"5":8},"b":{"0":[6,20],"1":[14,6],"2":[8],"3":[8,4,10,8,6,0]},"_coverageSchema":"1a1c01bbd47fc00a2c39e90264f33305004495a9","hash":"bb1c1317efe5da64631e91cfcf9825dafef80456"}
,"/home/makszaychikov/hexlet-git/frontend-project-lvl2/src/formatters/stylish.js": {"path":"/home/makszaychikov/hexlet-git/frontend-project-lvl2/src/formatters/stylish.js","statementMap":{"0":{"start":{"line":1,"column":15},"end":{"line":1,"column":105}},"1":{"start":{"line":1,"column":59},"end":{"line":1,"column":105}},"2":{"start":{"line":3,"column":18},"end":{"line":16,"column":1}},"3":{"start":{"line":4,"column":2},"end":{"line":6,"column":3}},"4":{"start":{"line":5,"column":4},"end":{"line":5,"column":25}},"5":{"start":{"line":8,"column":15},"end":{"line":8,"column":33}},"6":{"start":{"line":9,"column":17},"end":{"line":13,"column":4}},"7":{"start":{"line":10,"column":17},"end":{"line":10,"column":27}},"8":{"start":{"line":12,"column":4},"end":{"line":12,"column":69}},"9":{"start":{"line":15,"column":2},"end":{"line":15,"column":60}},"10":{"start":{"line":18,"column":18},"end":{"line":53,"column":1}},"11":{"start":{"line":19,"column":15},"end":{"line":50,"column":3}},"12":{"start":{"line":27,"column":8},"end":{"line":27,"column":12}},"13":{"start":{"line":29,"column":4},"end":{"line":49,"column":5}},"14":{"start":{"line":31,"column":8},"end":{"line":31,"column":127}},"15":{"start":{"line":31,"column":71},"end":{"line":31,"column":93}},"16":{"start":{"line":34,"column":8},"end":{"line":34,"column":76}},"17":{"start":{"line":37,"column":8},"end":{"line":37,"column":76}},"18":{"start":{"line":40,"column":24},"end":{"line":40,"column":91}},"19":{"start":{"line":41,"column":22},"end":{"line":41,"column":87}},"20":{"start":{"line":42,"column":8},"end":{"line":42,"column":36}},"21":{"start":{"line":45,"column":8},"end":{"line":45,"column":76}},"22":{"start":{"line":48,"column":8},"end":{"line":48,"column":20}},"23":{"start":{"line":52,"column":2},"end":{"line":52,"column":21}},"24":{"start":{"line":55,"column":16},"end":{"line":59,"column":1}},"25":{"start":{"line":56,"column":17},"end":{"line":56,"column":52}},"26":{"start":{"line":56,"column":36},"end":{"line":56,"column":51}},"27":{"start":{"line":58,"column":2},"end":{"line":58,"column":34}}},"fnMap":{"0":{"name":"(anonymous_0)","decl":{"start":{"line":1,"column":15},"end":{"line":1,"column":16}},"loc":{"start":{"line":1,"column":59},"end":{"line":1,"column":105}},"line":1},"1":{"name":"(anonymous_1)","decl":{"start":{"line":3,"column":18},"end":{"line":3,"column":19}},"loc":{"start":{"line":3,"column":40},"end":{"line":16,"column":1}},"line":3},"2":{"name":"(anonymous_2)","decl":{"start":{"line":9,"column":26},"end":{"line":9,"column":27}},"loc":{"start":{"line":9,"column":35},"end":{"line":13,"column":3}},"line":9},"3":{"name":"(anonymous_3)","decl":{"start":{"line":18,"column":18},"end":{"line":18,"column":19}},"loc":{"start":{"line":18,"column":29},"end":{"line":53,"column":1}},"line":18},"4":{"name":"(anonymous_4)","decl":{"start":{"line":19,"column":15},"end":{"line":19,"column":16}},"loc":{"start":{"line":19,"column":36},"end":{"line":50,"column":3}},"line":19},"5":{"name":"(anonymous_5)","decl":{"start":{"line":31,"column":60},"end":{"line":31,"column":61}},"loc":{"start":{"line":31,"column":71},"end":{"line":31,"column":93}},"line":31},"6":{"name":"(anonymous_6)","decl":{"start":{"line":55,"column":16},"end":{"line":55,"column":17}},"loc":{"start":{"line":55,"column":26},"end":{"line":59,"column":1}},"line":55},"7":{"name":"(anonymous_7)","decl":{"start":{"line":56,"column":26},"end":{"line":56,"column":27}},"loc":{"start":{"line":56,"column":36},"end":{"line":56,"column":51}},"line":56}},"branchMap":{"0":{"loc":{"start":{"line":1,"column":23},"end":{"line":1,"column":37}},"type":"default-arg","locations":[{"start":{"line":1,"column":34},"end":{"line":1,"column":37}}],"line":1},"1":{"loc":{"start":{"line":1,"column":39},"end":{"line":1,"column":54}},"type":"default-arg","locations":[{"start":{"line":1,"column":53},"end":{"line":1,"column":54}}],"line":1},"2":{"loc":{"start":{"line":3,"column":26},"end":{"line":3,"column":35}},"type":"default-arg","locations":[{"start":{"line":3,"column":34},"end":{"line":3,"column":35}}],"line":3},"3":{"loc":{"start":{"line":4,"column":2},"end":{"line":6,"column":3}},"type":"if","locations":[{"start":{"line":4,"column":2},"end":{"line":6,"column":3}},{"start":{},"end":{}}],"line":4},"4":{"loc":{"start":{"line":19,"column":22},"end":{"line":19,"column":31}},"type":"default-arg","locations":[{"start":{"line":19,"column":30},"end":{"line":19,"column":31}}],"line":19},"5":{"loc":{"start":{"line":29,"column":4},"end":{"line":49,"column":5}},"type":"switch","locations":[{"start":{"line":30,"column":6},"end":{"line":32,"column":7}},{"start":{"line":33,"column":6},"end":{"line":35,"column":7}},{"start":{"line":36,"column":6},"end":{"line":38,"column":7}},{"start":{"line":39,"column":6},"end":{"line":43,"column":7}},{"start":{"line":44,"column":6},"end":{"line":46,"column":7}},{"start":{"line":47,"column":6},"end":{"line":48,"column":20}}],"line":29}},"s":{"0":1,"1":84,"2":1,"3":54,"4":40,"5":14,"6":14,"7":18,"8":18,"9":14,"10":1,"11":8,"12":36,"13":36,"14":8,"15":28,"16":4,"17":10,"18":8,"19":8,"20":8,"21":6,"22":0,"23":8,"24":1,"25":2,"26":8,"27":2},"f":{"0":84,"1":54,"2":18,"3":8,"4":36,"5":28,"6":2,"7":8},"b":{"0":[84],"1":[84],"2":[0],"3":[40,14],"4":[8],"5":[8,4,10,8,6,0]},"_coverageSchema":"1a1c01bbd47fc00a2c39e90264f33305004495a9","hash":"c19f75a279f354665c60bf6dbc43fd49fcd190d8"}
}
