TN:
SF:src/index.js
FN:4,(anonymous_0)
FN:12,(anonymous_1)
FNF:2
FNH:2
FNDA:1,(anonymous_0)
FNDA:5,(anonymous_1)
DA:4,1
DA:5,1
DA:6,1
DA:7,1
DA:8,1
DA:9,1
DA:11,1
DA:12,1
DA:13,5
DA:14,1
DA:15,4
DA:16,2
DA:17,2
DA:18,1
DA:19,1
DA:21,1
DA:24,5
DA:27,1
LF:18
LH:18
BRDA:13,0,0,1
BRDA:13,0,1,4
BRDA:15,1,0,2
BRDA:15,1,1,2
BRDA:17,2,0,1
BRDA:17,2,1,1
BRF:6
BRH:6
end_of_record
TN:
SF:src/readFile.js
FN:8,(anonymous_0)
FN:9,(anonymous_1)
FNF:2
FNH:2
FNDA:2,(anonymous_0)
FNDA:2,(anonymous_1)
DA:5,1
DA:6,1
DA:8,2
DA:9,1
DA:10,2
DA:11,2
LF:6
LH:6
BRF:0
BRH:0
end_of_record
