TN:
SF:src/index.js
FN:6,(anonymous_0)
FN:16,(anonymous_1)
FNF:2
FNH:2
FNDA:2,(anonymous_0)
FNDA:10,(anonymous_1)
DA:6,1
DA:7,2
DA:8,2
DA:9,2
DA:10,2
DA:11,2
DA:12,2
DA:13,2
DA:15,2
DA:16,2
DA:17,10
DA:18,2
DA:19,8
DA:20,4
DA:21,4
DA:22,2
DA:23,2
DA:25,2
DA:28,10
DA:31,2
LF:20
LH:20
BRDA:17,0,0,2
BRDA:17,0,1,8
BRDA:19,1,0,4
BRDA:19,1,1,4
BRDA:21,2,0,2
BRDA:21,2,1,2
BRF:6
BRH:6
end_of_record
TN:
SF:src/parsers.js
FN:3,(anonymous_0)
FNF:1
FNH:1
FNDA:4,(anonymous_0)
DA:3,1
DA:4,4
DA:6,2
DA:8,1
DA:10,1
DA:12,0
LF:6
LH:5
BRDA:4,0,0,2
BRDA:4,0,1,1
BRDA:4,0,2,1
BRDA:4,0,3,0
BRF:4
BRH:3
end_of_record
TN:
SF:src/readFile.js
FN:8,(anonymous_0)
FN:9,(anonymous_1)
FNF:2
FNH:2
FNDA:4,(anonymous_0)
FNDA:4,(anonymous_1)
DA:5,1
DA:6,1
DA:8,4
DA:9,4
LF:4
LH:4
BRF:0
BRH:0
end_of_record
